{"/home/arjun/Desktop/MERN-Boilerplate/client/src/app.js": {"path":"/home/arjun/Desktop/MERN-Boilerplate/client/src/app.js","statementMap":{"0":{"start":{"line":4,"column":4},"end":{"line":4,"column":75}}},"fnMap":{"0":{"name":"(anonymous_0)","decl":{"start":{"line":3,"column":2},"end":{"line":3,"column":3}},"loc":{"start":{"line":3,"column":11},"end":{"line":5,"column":3}},"line":3}},"branchMap":{},"s":{"0":1},"f":{"0":1},"b":{},"_coverageSchema":"1a1c01bbd47fc00a2c39e90264f33305004495a9","hash":"031079cd91d9a83eddbef1dc5b76c75a9b5d1545"}
}
